# Run-> python3 -m doctest -v ./tests/4-print_square.txt

Import method for testing
>>> print_square= __import__('4-print_square').print_square

SUCCESS CASES:

Test for positive int size:
     >>> print_square(0)

     >>> print_square(1)
     #

     >>> print_square(6)
     ######
     ######
     ######
     ######
     ######
	 ######

FAIL CASES:

Test for extra args:
     >>> print_square(5, 7)
     Traceback (most recent call last):
     ...
     TypeError: print_square() takes 1 positional argument but 2 were given
	 
Test negative int size:
     >>> print_square(-4)
     Traceback (most recent call last):
     ...
     ValueError: size must be >= 0

Test other data types:
     >>> print_square(3.5)
     Traceback (most recent call last):
     ...
     TypeError: size must be an integer

     >>> print_square("7")
     Traceback (most recent call last):
     ...
     TypeError: size must be an integer

Test for few args
     >>> print_square()
     Traceback (most recent call last):
     ...
     TypeError: print_square() missing 1 required positional argument: 'size'
